FALCON log file 
Start timestamp: 23-Jun-2020 15.20.51 
Finish timestamp: 23-Jun-2020 15.27.32 
Final MSE: 5.153808e-09 
Network: 
i1 GF1 -> R1-CL1a 1 N D 
i2 GF1 -> R1-CL2a 1 N D 
i3 GF1 -> R1-CL3a 1 N D 
i4 GF1 -> R1-CL4a 1 N D 
i5 GF1 -> GF1_OR_GF2-CL1a 1 O D 
i6 GF1 -> GF1_OR_GF2-CL2a 1 O D 
i7 GF1 -> GF1_OR_GF2-CL3a 1 O D 
i8 GF1 -> GF1_OR_GF2-CL4a 1 O D 
i9 GF2 -> GF1_OR_GF2-CL1a 1 O D 
i10 GF2 -> GF1_OR_GF2-CL2a 1 O D 
i11 GF2 -> GF1_OR_GF2-CL3a 1 O D 
i12 GF2 -> GF1_OR_GF2-CL4a 1 O D 
i13 GF3 -> GF1_OR_GF2_OR_GF3-CL1a 1 O D 
i14 GF3 -> GF1_OR_GF2_OR_GF3-CL2a 1 O D 
i15 GF3 -> GF1_OR_GF2_OR_GF3-CL3a 1 O D 
i16 GF3 -> GF1_OR_GF2_OR_GF3-CL4a 1 O D 
i17 GF2 -> R3-CL1a 1 O D 
i18 GF2 -> R3-CL2a 1 O D 
i19 GF2 -> R3-CL3a 1 O D 
i20 GF2 -> R3-CL4a 1 O D 
i21 GF3 -> R3-CL1a 1 O D 
i22 GF3 -> R3-CL2a 1 O D 
i23 GF3 -> R3-CL3a 1 O D 
i24 GF3 -> R3-CL4a 1 O D 
i25 R1-CL1a -> R1_OR_R2-CL1a 1 O D 
i26 R1-CL2a -> R1_OR_R2-CL2a 1 O D 
i27 R1-CL3a -> R1_OR_R2-CL3a 1 O D 
i28 R1-CL4a -> R1_OR_R2-CL4a 1 O D 
i29 R2-CL1a -> R1_OR_R2-CL1a 1 O D 
i30 R2-CL2a -> R1_OR_R2-CL2a 1 O D 
i31 R2-CL3a -> R1_OR_R2-CL3a 1 O D 
i32 R2-CL4a -> R1_OR_R2-CL4a 1 O D 
i33 R2-CL1a -> K2-CL1a k2-CL1a N D 
i34 R2-CL2a -> K2-CL2a k2-CL2a N D 
i35 R2-CL3a -> K2-CL3a k2-CL3a N D 
i36 R2-CL4a -> K2-CL4a k2-CL4a N D 
i37 R3-CL1a -> K3-CL1a k3-CL1a N D 
i38 R3-CL2a -> K3-CL2a k3-CL2a N D 
i39 R3-CL3a -> K3-CL3a k3-CL3a N D 
i40 R3-CL4a -> K3-CL4a k3-CL4a N D 
i41 K3-CL1a -| R2-CL1a ki1-CL1a N D 
i42 K3-CL2a -| R2-CL2a ki1-CL2a N D 
i43 K3-CL3a -| R2-CL3a ki1-CL3a N D 
i44 K3-CL4a -| R2-CL4a ki1-CL4a N D 
i45 K1-CL1a -> K2-CL1a k4-CL1a N D 
i46 K1-CL2a -> K2-CL2a k4-CL2a N D 
i47 K1-CL3a -> K2-CL3a k4-CL3a N D 
i48 K1-CL4a -> K2-CL4a k4-CL4a N D 
i49 K2-CL1a -> K3-CL1a k5-CL1a N D 
i50 K2-CL2a -> K3-CL2a k5-CL2a N D 
i51 K2-CL3a -> K3-CL3a k5-CL3a N D 
i52 K2-CL4a -> K3-CL4a k5-CL4a N D 
i53 Housekeeping -> CoF-CL1a 1 N D 
i54 Housekeeping -> CoF-CL2a 1 N D 
i55 Housekeeping -> CoF-CL3a 1 N D 
i56 Housekeeping -> CoF-CL4a 1 N D 
i57 Ix -| K1-CL1a ki2-CL1a N D 
i58 Ix -| K1-CL2a ki2-CL2a N D 
i59 Ix -| K1-CL3a ki2-CL3a N D 
i60 Ix -| K1-CL4a ki2-CL4a N D 
i61 K3-CL1a -> TF-CL1a kout-CL1a N D 
i62 K3-CL2a -> TF-CL2a kout-CL2a N D 
i63 K3-CL3a -> TF-CL3a kout-CL3a N D 
i64 K3-CL4a -> TF-CL4a kout-CL4a N D 
i65 K1-CL1a -> K1_AND_K2-CL1a 1 A D 
i66 K1-CL2a -> K1_AND_K2-CL2a 1 A D 
i67 K1-CL3a -> K1_AND_K2-CL3a 1 A D 
i68 K1-CL4a -> K1_AND_K2-CL4a 1 A D 
i69 K2-CL1a -> K1_AND_K2-CL1a 1 A D 
i70 K2-CL2a -> K1_AND_K2-CL2a 1 A D 
i71 K2-CL3a -> K1_AND_K2-CL3a 1 A D 
i72 K2-CL4a -> K1_AND_K2-CL4a 1 A D 
i73 CoF-CL1a -> K1_AND_K2_AND_CoF-CL1a 1 A D 
i74 CoF-CL2a -> K1_AND_K2_AND_CoF-CL2a 1 A D 
i75 CoF-CL3a -> K1_AND_K2_AND_CoF-CL3a 1 A D 
i76 CoF-CL4a -> K1_AND_K2_AND_CoF-CL4a 1 A D 
i77 R1_OR_R2-CL1a -> K1-CL1a 1 N D 
i78 R1_OR_R2-CL2a -> K1-CL2a 1 N D 
i79 R1_OR_R2-CL3a -> K1-CL3a 1 N D 
i80 R1_OR_R2-CL4a -> K1-CL4a 1 N D 
i81 GF1_OR_GF2_OR_GF3-CL1a -> R2-CL1a 1 N D 
i82 GF1_OR_GF2_OR_GF3-CL2a -> R2-CL2a 1 N D 
i83 GF1_OR_GF2_OR_GF3-CL3a -> R2-CL3a 1 N D 
i84 GF1_OR_GF2_OR_GF3-CL4a -> R2-CL4a 1 N D 
i85 GF1_OR_GF2-CL1a -> GF1_OR_GF2_OR_GF3-CL1a 1 O D 
i86 GF1_OR_GF2-CL2a -> GF1_OR_GF2_OR_GF3-CL2a 1 O D 
i87 GF1_OR_GF2-CL3a -> GF1_OR_GF2_OR_GF3-CL3a 1 O D 
i88 GF1_OR_GF2-CL4a -> GF1_OR_GF2_OR_GF3-CL4a 1 O D 
i89 K1_AND_K2_AND_CoF-CL1a -> TF-CL1a kAout-CL1a N D 
i90 K1_AND_K2_AND_CoF-CL2a -> TF-CL2a kAout-CL2a N D 
i91 K1_AND_K2_AND_CoF-CL3a -> TF-CL3a kAout-CL3a N D 
i92 K1_AND_K2_AND_CoF-CL4a -> TF-CL4a kAout-CL4a N D 
i93 K1_AND_K2-CL1a -> K1_AND_K2_AND_CoF-CL1a 1 A D 
i94 K1_AND_K2-CL2a -> K1_AND_K2_AND_CoF-CL2a 1 A D 
i95 K1_AND_K2-CL3a -> K1_AND_K2_AND_CoF-CL3a 1 A D 
i96 K1_AND_K2-CL4a -> K1_AND_K2_AND_CoF-CL4a 1 A D 
Dataset: 
Inputs: 
1 0 0 0 0 
1 0 0 1 0 
1 0 1 0 0 
1 0 1 1 0 
1 1 0 0 0 
1 1 0 1 0 
1 1 1 0 0 
1 1 1 1 0 
1 0 0 0 1 
1 0 0 1 1 
1 0 1 0 1 
1 0 1 1 1 
1 1 0 0 1 
1 1 0 1 1 
1 1 1 0 1 
1 1 1 1 1 
Inputs indices: 
16 5 14 15 17 
16 5 14 15 17 
16 5 14 15 17 
16 5 14 15 17 
16 5 14 15 17 
16 5 14 15 17 
16 5 14 15 17 
16 5 14 15 17 
16 5 14 15 17 
16 5 14 15 17 
16 5 14 15 17 
16 5 14 15 17 
16 5 14 15 17 
16 5 14 15 17 
16 5 14 15 17 
16 5 14 15 17 
Outputs: 
0 0 0 0 0 0 0 0 0 0 0 0 0 0 0 0 
2.372881e-01 2.372881e-01 8.474576e-01 7.683424e-01 2.372881e-01 2.372881e-01 8.474576e-01 7.287848e-01 2.372881e-01 2.372881e-01 8.474576e-01 6.892272e-01 2.372881e-01 2.372881e-01 8.474576e-01 1.354209e-01 
2.372881e-01 2.372881e-01 8.474576e-01 7.683424e-01 2.372881e-01 2.372881e-01 8.474576e-01 7.287848e-01 2.372881e-01 2.372881e-01 8.474576e-01 6.892272e-01 2.372881e-01 2.372881e-01 8.474576e-01 1.354209e-01 
2.372881e-01 2.372881e-01 8.474576e-01 7.683424e-01 2.372881e-01 2.372881e-01 8.474576e-01 7.287848e-01 2.372881e-01 2.372881e-01 8.474576e-01 6.892272e-01 2.372881e-01 2.372881e-01 8.474576e-01 1.354209e-01 
1 8.605852e-01 1.721170e-01 2.409639e-01 1 8.605852e-01 1.721170e-01 2.753873e-01 1 8.605852e-01 1.721170e-01 3.098107e-01 1 8.605852e-01 1.721170e-01 7.917384e-01 
1 3.029260e-01 8.605852e-01 8.048193e-01 1 3.029260e-01 8.605852e-01 7.769363e-01 1 3.029260e-01 8.605852e-01 7.490534e-01 1 3.029260e-01 8.605852e-01 3.586919e-01 
1 3.029260e-01 8.605852e-01 8.048193e-01 1 3.029260e-01 8.605852e-01 7.769363e-01 1 3.029260e-01 8.605852e-01 7.490534e-01 1 3.029260e-01 8.605852e-01 3.586919e-01 
1 3.029260e-01 8.605852e-01 8.048193e-01 1 3.029260e-01 8.605852e-01 7.769363e-01 1 3.029260e-01 8.605852e-01 7.490534e-01 1 3.029260e-01 8.605852e-01 3.586919e-01 
0 0 0 0 0 0 0 0 0 0 0 0 0 0 0 0 
1.195559e-01 2.271563e-01 8.454313e-01 7.636039e-01 1.195559e-01 2.271563e-01 8.454313e-01 7.226902e-01 1.195559e-01 2.271563e-01 8.454313e-01 6.817766e-01 1.195559e-01 2.271563e-01 8.454313e-01 1.089852e-01 
1.195559e-01 2.271563e-01 8.454313e-01 7.636039e-01 1.195559e-01 2.271563e-01 8.454313e-01 7.226902e-01 1.195559e-01 2.271563e-01 8.454313e-01 6.817766e-01 1.195559e-01 2.271563e-01 8.454313e-01 1.089852e-01 
1.195559e-01 2.271563e-01 8.454313e-01 7.636039e-01 1.195559e-01 2.271563e-01 8.454313e-01 7.226902e-01 1.195559e-01 2.271563e-01 8.454313e-01 6.817766e-01 1.195559e-01 2.271563e-01 8.454313e-01 1.089852e-01 
5.000000e-01 8.175559e-01 1.635112e-01 1.880379e-01 5.000000e-01 8.175559e-01 1.635112e-01 2.003012e-01 5.000000e-01 8.175559e-01 1.635112e-01 2.125645e-01 5.000000e-01 8.175559e-01 1.635112e-01 3.842513e-01 
5.000000e-01 2.598967e-01 8.519793e-01 7.797762e-01 5.000000e-01 2.598967e-01 8.519793e-01 7.436747e-01 5.000000e-01 2.598967e-01 8.519793e-01 7.075731e-01 5.000000e-01 2.598967e-01 8.519793e-01 2.021515e-01 
5.000000e-01 2.598967e-01 8.519793e-01 7.797762e-01 5.000000e-01 2.598967e-01 8.519793e-01 7.436747e-01 5.000000e-01 2.598967e-01 8.519793e-01 7.075731e-01 5.000000e-01 2.598967e-01 8.519793e-01 2.021515e-01 
5.000000e-01 2.598967e-01 8.519793e-01 7.797762e-01 5.000000e-01 2.598967e-01 8.519793e-01 7.436747e-01 5.000000e-01 2.598967e-01 8.519793e-01 7.075731e-01 5.000000e-01 2.598967e-01 8.519793e-01 2.021515e-01 
Outputs indices: 
18 30 34 54 19 31 35 55 20 32 36 56 21 33 37 57 
18 30 34 54 19 31 35 55 20 32 36 56 21 33 37 57 
18 30 34 54 19 31 35 55 20 32 36 56 21 33 37 57 
18 30 34 54 19 31 35 55 20 32 36 56 21 33 37 57 
18 30 34 54 19 31 35 55 20 32 36 56 21 33 37 57 
18 30 34 54 19 31 35 55 20 32 36 56 21 33 37 57 
18 30 34 54 19 31 35 55 20 32 36 56 21 33 37 57 
18 30 34 54 19 31 35 55 20 32 36 56 21 33 37 57 
18 30 34 54 19 31 35 55 20 32 36 56 21 33 37 57 
18 30 34 54 19 31 35 55 20 32 36 56 21 33 37 57 
18 30 34 54 19 31 35 55 20 32 36 56 21 33 37 57 
18 30 34 54 19 31 35 55 20 32 36 56 21 33 37 57 
18 30 34 54 19 31 35 55 20 32 36 56 21 33 37 57 
18 30 34 54 19 31 35 55 20 32 36 56 21 33 37 57 
18 30 34 54 19 31 35 55 20 32 36 56 21 33 37 57 
18 30 34 54 19 31 35 55 20 32 36 56 21 33 37 57 
FALCON log file 
Start timestamp: 23-Jun-2020 15.20.51 
Finish timestamp: 23-Jun-2020 15.28.35 
Final MSE: 2.206650e-03 
Network: 
i1 GF1 -> R1-CL1a 1 N D 
i2 GF1 -> R1-CL2a 1 N D 
i3 GF1 -> R1-CL3a 1 N D 
i4 GF1 -> R1-CL4a 1 N D 
i5 GF1 -> GF1_OR_GF2-CL1a 1 O D 
i6 GF1 -> GF1_OR_GF2-CL2a 1 O D 
i7 GF1 -> GF1_OR_GF2-CL3a 1 O D 
i8 GF1 -> GF1_OR_GF2-CL4a 1 O D 
i9 GF2 -> GF1_OR_GF2-CL1a 1 O D 
i10 GF2 -> GF1_OR_GF2-CL2a 1 O D 
i11 GF2 -> GF1_OR_GF2-CL3a 1 O D 
i12 GF2 -> GF1_OR_GF2-CL4a 1 O D 
i13 GF3 -> GF1_OR_GF2_OR_GF3-CL1a 1 O D 
i14 GF3 -> GF1_OR_GF2_OR_GF3-CL2a 1 O D 
i15 GF3 -> GF1_OR_GF2_OR_GF3-CL3a 1 O D 
i16 GF3 -> GF1_OR_GF2_OR_GF3-CL4a 1 O D 
i17 GF2 -> R3-CL1a 1 O D 
i18 GF2 -> R3-CL2a 1 O D 
i19 GF2 -> R3-CL3a 1 O D 
i20 GF2 -> R3-CL4a 1 O D 
i21 GF3 -> R3-CL1a 1 O D 
i22 GF3 -> R3-CL2a 1 O D 
i23 GF3 -> R3-CL3a 1 O D 
i24 GF3 -> R3-CL4a 1 O D 
i25 R1-CL1a -> R1_OR_R2-CL1a 1 O D 
i26 R1-CL2a -> R1_OR_R2-CL2a 1 O D 
i27 R1-CL3a -> R1_OR_R2-CL3a 1 O D 
i28 R1-CL4a -> R1_OR_R2-CL4a 1 O D 
i29 R2-CL1a -> R1_OR_R2-CL1a 1 O D 
i30 R2-CL2a -> R1_OR_R2-CL2a 1 O D 
i31 R2-CL3a -> R1_OR_R2-CL3a 1 O D 
i32 R2-CL4a -> R1_OR_R2-CL4a 1 O D 
i33 R2-CL1a -> K2-CL1a k2-CL1a N D 
i34 R2-CL2a -> K2-CL2a k2-CL2a N D 
i35 R2-CL3a -> K2-CL3a k2-CL3a N D 
i36 R2-CL4a -> K2-CL4a k2-CL4a N D 
i37 R3-CL1a -> K3-CL1a k3-CL1a N D 
i38 R3-CL2a -> K3-CL2a k3-CL2a N D 
i39 R3-CL3a -> K3-CL3a k3-CL3a N D 
i40 R3-CL4a -> K3-CL4a k3-CL4a N D 
i41 K3-CL1a -| R2-CL1a ki1-CL1a N D 
i42 K3-CL2a -| R2-CL2a ki1-CL2a N D 
i43 K3-CL3a -| R2-CL3a ki1-CL3a N D 
i44 K3-CL4a -| R2-CL4a ki1-CL4a N D 
i45 K1-CL1a -> K2-CL1a k4-CL1a N D 
i46 K1-CL2a -> K2-CL2a k4-CL2a N D 
i47 K1-CL3a -> K2-CL3a k4-CL3a N D 
i48 K1-CL4a -> K2-CL4a k4-CL4a N D 
i49 K2-CL1a -> K3-CL1a k5-CL1a N D 
i50 K2-CL2a -> K3-CL2a k5-CL2a N D 
i51 K2-CL3a -> K3-CL3a k5-CL3a N D 
i52 K2-CL4a -> K3-CL4a k5-CL4a N D 
i53 Housekeeping -> CoF-CL1a 1 N D 
i54 Housekeeping -> CoF-CL2a 1 N D 
i55 Housekeeping -> CoF-CL3a 1 N D 
i56 Housekeeping -> CoF-CL4a 1 N D 
i57 Ix -| K1-CL1a ki2-CL1a N D 
i58 Ix -| K1-CL2a ki2-CL2a N D 
i59 Ix -| K1-CL3a ki2-CL3a N D 
i60 Ix -| K1-CL4a ki2-CL4a N D 
i61 K3-CL1a -> TF-CL1a kout-CL1a N D 
i62 K3-CL2a -> TF-CL2a kout-CL2a N D 
i63 K3-CL3a -> TF-CL3a kout-CL3a N D 
i64 K3-CL4a -> TF-CL4a kout-CL4a N D 
i65 K1-CL1a -> K1_AND_K2-CL1a 1 A D 
i66 K1-CL2a -> K1_AND_K2-CL2a 1 A D 
i67 K1-CL3a -> K1_AND_K2-CL3a 1 A D 
i68 K1-CL4a -> K1_AND_K2-CL4a 1 A D 
i69 K2-CL1a -> K1_AND_K2-CL1a 1 A D 
i70 K2-CL2a -> K1_AND_K2-CL2a 1 A D 
i71 K2-CL3a -> K1_AND_K2-CL3a 1 A D 
i72 K2-CL4a -> K1_AND_K2-CL4a 1 A D 
i73 CoF-CL1a -> K1_AND_K2_AND_CoF-CL1a 1 A D 
i74 CoF-CL2a -> K1_AND_K2_AND_CoF-CL2a 1 A D 
i75 CoF-CL3a -> K1_AND_K2_AND_CoF-CL3a 1 A D 
i76 CoF-CL4a -> K1_AND_K2_AND_CoF-CL4a 1 A D 
i77 R1_OR_R2-CL1a -> K1-CL1a 1 N D 
i78 R1_OR_R2-CL2a -> K1-CL2a 1 N D 
i79 R1_OR_R2-CL3a -> K1-CL3a 1 N D 
i80 R1_OR_R2-CL4a -> K1-CL4a 1 N D 
i81 GF1_OR_GF2_OR_GF3-CL1a -> R2-CL1a 1 N D 
i82 GF1_OR_GF2_OR_GF3-CL2a -> R2-CL2a 1 N D 
i83 GF1_OR_GF2_OR_GF3-CL3a -> R2-CL3a 1 N D 
i84 GF1_OR_GF2_OR_GF3-CL4a -> R2-CL4a 1 N D 
i85 GF1_OR_GF2-CL1a -> GF1_OR_GF2_OR_GF3-CL1a 1 O D 
i86 GF1_OR_GF2-CL2a -> GF1_OR_GF2_OR_GF3-CL2a 1 O D 
i87 GF1_OR_GF2-CL3a -> GF1_OR_GF2_OR_GF3-CL3a 1 O D 
i88 GF1_OR_GF2-CL4a -> GF1_OR_GF2_OR_GF3-CL4a 1 O D 
i89 K1_AND_K2_AND_CoF-CL1a -> TF-CL1a kAout-CL1a N D 
i90 K1_AND_K2_AND_CoF-CL2a -> TF-CL2a kAout-CL2a N D 
i91 K1_AND_K2_AND_CoF-CL3a -> TF-CL3a kAout-CL3a N D 
i92 K1_AND_K2_AND_CoF-CL4a -> TF-CL4a kAout-CL4a N D 
i93 K1_AND_K2-CL1a -> K1_AND_K2_AND_CoF-CL1a 1 A D 
i94 K1_AND_K2-CL2a -> K1_AND_K2_AND_CoF-CL2a 1 A D 
i95 K1_AND_K2-CL3a -> K1_AND_K2_AND_CoF-CL3a 1 A D 
i96 K1_AND_K2-CL4a -> K1_AND_K2_AND_CoF-CL4a 1 A D 
Dataset: 
Inputs: 
1 0 0 0 0 
1 0 0 1 0 
1 0 1 0 0 
1 0 1 1 0 
1 1 0 0 0 
1 1 0 1 0 
1 1 1 0 0 
1 1 1 1 0 
1 0 0 0 1 
1 0 0 1 1 
1 0 1 0 1 
1 0 1 1 1 
1 1 0 0 1 
1 1 0 1 1 
1 1 1 0 1 
1 1 1 1 1 
Inputs indices: 
16 5 14 15 17 
16 5 14 15 17 
16 5 14 15 17 
16 5 14 15 17 
16 5 14 15 17 
16 5 14 15 17 
16 5 14 15 17 
16 5 14 15 17 
16 5 14 15 17 
16 5 14 15 17 
16 5 14 15 17 
16 5 14 15 17 
16 5 14 15 17 
16 5 14 15 17 
16 5 14 15 17 
16 5 14 15 17 
Outputs: 
0 0 2.701820e-02 4.270214e-02 0 1.613057e-04 3.238776e-02 0 0 6.915886e-03 2.144465e-02 9.638792e-02 0 0 6.546810e-02 0 
2.569169e-01 2.270596e-01 8.428807e-01 7.877997e-01 2.023554e-01 2.555690e-01 8.315762e-01 7.468642e-01 2.791300e-01 1.419348e-01 8.325011e-01 6.804149e-01 2.768223e-01 2.475534e-01 7.952208e-01 1.432331e-01 
3.023801e-01 1.272120e-01 8.094450e-01 7.105424e-01 2.789267e-01 4.136220e-01 9.359072e-01 7.111904e-01 3.642056e-01 2.190385e-01 8.024642e-01 6.770397e-01 2.314596e-01 2.969347e-01 8.300443e-01 2.152836e-01 
2.076060e-01 1.985625e-01 8.127779e-01 7.703294e-01 2.025579e-01 2.316663e-01 9.229867e-01 7.422619e-01 1.711214e-01 1.948826e-01 8.791949e-01 6.443472e-01 2.649426e-01 1.971470e-01 9.180857e-01 1.410428e-01 
1 7.909216e-01 2.361899e-01 2.184339e-01 9.769059e-01 7.827555e-01 1.803176e-01 1.471648e-01 1 8.223475e-01 1.754897e-01 2.701938e-01 9.519678e-01 7.973034e-01 2.472362e-01 7.763071e-01 
9.747819e-01 2.836143e-01 8.200983e-01 8.102817e-01 1 3.986811e-01 8.464470e-01 8.002295e-01 9.278810e-01 2.465412e-01 8.512292e-01 7.014046e-01 9.183099e-01 2.954594e-01 8.971040e-01 3.815249e-01 
1 3.292053e-01 7.987443e-01 7.922916e-01 1 3.334183e-01 9.181935e-01 8.696144e-01 1 3.068354e-01 8.751716e-01 7.667486e-01 1 2.211037e-01 8.851228e-01 3.449369e-01 
1 3.790895e-01 8.713195e-01 7.953242e-01 1 2.705304e-01 8.032598e-01 8.289008e-01 1 4.082575e-01 9.099699e-01 8.289047e-01 1 3.037932e-01 8.312789e-01 3.808491e-01 
6.014141e-03 8.992472e-02 1.005386e-01 0 2.523660e-02 1.308667e-01 3.368493e-02 4.554483e-02 0 0 1.964673e-02 2.637351e-02 8.160286e-02 4.141936e-02 3.724498e-02 0 
6.771377e-02 2.213121e-01 8.467090e-01 7.474393e-01 9.951108e-02 2.547038e-01 8.119756e-01 7.107037e-01 2.167402e-01 2.131305e-01 8.551588e-01 7.244867e-01 4.294645e-02 2.380432e-01 8.040235e-01 1.080688e-01 
7.670077e-02 2.111465e-01 8.608462e-01 8.019303e-01 9.386353e-02 2.418665e-01 8.254151e-01 7.317402e-01 6.532101e-02 2.854800e-01 8.594205e-01 7.488689e-01 5.271331e-02 1.316940e-01 8.741573e-01 1.320247e-01 
1.110622e-01 2.680321e-01 7.985189e-01 8.508376e-01 1.593743e-01 1.882641e-01 8.118411e-01 7.349027e-01 1.308969e-01 2.877973e-01 8.479923e-01 5.567999e-01 4.586361e-02 2.003152e-01 8.595233e-01 1.771010e-01 
4.904166e-01 8.420639e-01 2.472220e-01 1.300119e-01 4.664405e-01 7.643094e-01 1.922926e-01 2.051208e-01 5.549465e-01 8.418330e-01 1.247879e-01 2.041866e-01 4.979168e-01 8.024543e-01 2.204765e-01 4.068450e-01 
4.567092e-01 2.981593e-01 8.582288e-01 8.986468e-01 5.593330e-01 1.714760e-01 8.130747e-01 7.021513e-01 5.073594e-01 3.111976e-01 8.913184e-01 7.252239e-01 4.692246e-01 3.505758e-01 8.306860e-01 2.845706e-01 
5.090332e-01 2.988107e-01 8.784844e-01 8.560801e-01 5.395351e-01 2.387508e-01 7.988013e-01 7.260621e-01 6.147833e-01 3.034330e-01 9.224247e-01 7.434358e-01 5.657077e-01 3.056393e-01 8.837863e-01 1.007334e-01 
5.633264e-01 1.858815e-01 8.043759e-01 7.882016e-01 5.143861e-01 2.072416e-01 8.796283e-01 7.349359e-01 6.376279e-01 2.408088e-01 8.252744e-01 6.423306e-01 4.272467e-01 2.570427e-01 8.916383e-01 1.796886e-01 
Outputs indices: 
18 30 34 54 19 31 35 55 20 32 36 56 21 33 37 57 
18 30 34 54 19 31 35 55 20 32 36 56 21 33 37 57 
18 30 34 54 19 31 35 55 20 32 36 56 21 33 37 57 
18 30 34 54 19 31 35 55 20 32 36 56 21 33 37 57 
18 30 34 54 19 31 35 55 20 32 36 56 21 33 37 57 
18 30 34 54 19 31 35 55 20 32 36 56 21 33 37 57 
18 30 34 54 19 31 35 55 20 32 36 56 21 33 37 57 
18 30 34 54 19 31 35 55 20 32 36 56 21 33 37 57 
18 30 34 54 19 31 35 55 20 32 36 56 21 33 37 57 
18 30 34 54 19 31 35 55 20 32 36 56 21 33 37 57 
18 30 34 54 19 31 35 55 20 32 36 56 21 33 37 57 
18 30 34 54 19 31 35 55 20 32 36 56 21 33 37 57 
18 30 34 54 19 31 35 55 20 32 36 56 21 33 37 57 
18 30 34 54 19 31 35 55 20 32 36 56 21 33 37 57 
18 30 34 54 19 31 35 55 20 32 36 56 21 33 37 57 
18 30 34 54 19 31 35 55 20 32 36 56 21 33 37 57 
